<?xml version="1.0" encoding="UTF-8"?>
<testsuite xmlns:xsi="http://www.w3.org/2001/XMLSchema-instance" xsi:noNamespaceSchemaLocation="https://maven.apache.org/surefire/maven-surefire-plugin/xsd/surefire-test-report.xsd" name="com.moonlit.generator.GeneratorApplicationTests" time="5.309" tests="1" errors="0" skipped="0" failures="0">
  <properties>
    <property name="sun.desktop" value="windows"/>
    <property name="awt.toolkit" value="sun.awt.windows.WToolkit"/>
    <property name="file.encoding.pkg" value="sun.io"/>
    <property name="java.specification.version" value="1.8"/>
    <property name="sun.cpu.isalist" value="amd64"/>
    <property name="sun.jnu.encoding" value="GBK"/>
    <property name="java.class.path" value="F:\Projects\JavaProject\generator\target\test-classes;F:\Projects\JavaProject\generator\target\classes;D:\MavenWarehouse\org\springframework\boot\spring-boot-starter-web\2.5.5\spring-boot-starter-web-2.5.5.jar;D:\MavenWarehouse\org\springframework\boot\spring-boot-starter\2.5.5\spring-boot-starter-2.5.5.jar;D:\MavenWarehouse\org\springframework\boot\spring-boot\2.5.5\spring-boot-2.5.5.jar;D:\MavenWarehouse\org\springframework\boot\spring-boot-starter-logging\2.5.5\spring-boot-starter-logging-2.5.5.jar;D:\MavenWarehouse\ch\qos\logback\logback-classic\1.2.6\logback-classic-1.2.6.jar;D:\MavenWarehouse\ch\qos\logback\logback-core\1.2.6\logback-core-1.2.6.jar;D:\MavenWarehouse\org\apache\logging\log4j\log4j-to-slf4j\2.14.1\log4j-to-slf4j-2.14.1.jar;D:\MavenWarehouse\org\apache\logging\log4j\log4j-api\2.14.1\log4j-api-2.14.1.jar;D:\MavenWarehouse\org\slf4j\jul-to-slf4j\1.7.32\jul-to-slf4j-1.7.32.jar;D:\MavenWarehouse\jakarta\annotation\jakarta.annotation-api\1.3.5\jakarta.annotation-api-1.3.5.jar;D:\MavenWarehouse\org\yaml\snakeyaml\1.28\snakeyaml-1.28.jar;D:\MavenWarehouse\org\springframework\boot\spring-boot-starter-json\2.5.5\spring-boot-starter-json-2.5.5.jar;D:\MavenWarehouse\com\fasterxml\jackson\core\jackson-databind\2.12.5\jackson-databind-2.12.5.jar;D:\MavenWarehouse\com\fasterxml\jackson\core\jackson-annotations\2.12.5\jackson-annotations-2.12.5.jar;D:\MavenWarehouse\com\fasterxml\jackson\core\jackson-core\2.12.5\jackson-core-2.12.5.jar;D:\MavenWarehouse\com\fasterxml\jackson\datatype\jackson-datatype-jdk8\2.12.5\jackson-datatype-jdk8-2.12.5.jar;D:\MavenWarehouse\com\fasterxml\jackson\datatype\jackson-datatype-jsr310\2.12.5\jackson-datatype-jsr310-2.12.5.jar;D:\MavenWarehouse\com\fasterxml\jackson\module\jackson-module-parameter-names\2.12.5\jackson-module-parameter-names-2.12.5.jar;D:\MavenWarehouse\org\springframework\boot\spring-boot-starter-tomcat\2.5.5\spring-boot-starter-tomcat-2.5.5.jar;D:\MavenWarehouse\org\apache\tomcat\embed\tomcat-embed-core\9.0.53\tomcat-embed-core-9.0.53.jar;D:\MavenWarehouse\org\apache\tomcat\embed\tomcat-embed-el\9.0.53\tomcat-embed-el-9.0.53.jar;D:\MavenWarehouse\org\apache\tomcat\embed\tomcat-embed-websocket\9.0.53\tomcat-embed-websocket-9.0.53.jar;D:\MavenWarehouse\org\springframework\spring-web\5.3.10\spring-web-5.3.10.jar;D:\MavenWarehouse\org\springframework\spring-beans\5.3.10\spring-beans-5.3.10.jar;D:\MavenWarehouse\org\springframework\spring-webmvc\5.3.10\spring-webmvc-5.3.10.jar;D:\MavenWarehouse\org\springframework\spring-aop\5.3.10\spring-aop-5.3.10.jar;D:\MavenWarehouse\org\springframework\spring-context\5.3.10\spring-context-5.3.10.jar;D:\MavenWarehouse\org\springframework\spring-expression\5.3.10\spring-expression-5.3.10.jar;D:\MavenWarehouse\com\baomidou\mybatis-plus-boot-starter\3.4.3.4\mybatis-plus-boot-starter-3.4.3.4.jar;D:\MavenWarehouse\com\baomidou\mybatis-plus\3.4.3.4\mybatis-plus-3.4.3.4.jar;D:\MavenWarehouse\com\baomidou\mybatis-plus-extension\3.4.3.4\mybatis-plus-extension-3.4.3.4.jar;D:\MavenWarehouse\com\baomidou\mybatis-plus-core\3.4.3.4\mybatis-plus-core-3.4.3.4.jar;D:\MavenWarehouse\com\baomidou\mybatis-plus-annotation\3.4.3.4\mybatis-plus-annotation-3.4.3.4.jar;D:\MavenWarehouse\com\github\jsqlparser\jsqlparser\4.2\jsqlparser-4.2.jar;D:\MavenWarehouse\org\mybatis\mybatis\3.5.7\mybatis-3.5.7.jar;D:\MavenWarehouse\org\mybatis\mybatis-spring\2.0.6\mybatis-spring-2.0.6.jar;D:\MavenWarehouse\org\springframework\boot\spring-boot-autoconfigure\2.5.5\spring-boot-autoconfigure-2.5.5.jar;D:\MavenWarehouse\org\springframework\boot\spring-boot-starter-jdbc\2.5.5\spring-boot-starter-jdbc-2.5.5.jar;D:\MavenWarehouse\com\zaxxer\HikariCP\4.0.3\HikariCP-4.0.3.jar;D:\MavenWarehouse\org\springframework\spring-jdbc\5.3.10\spring-jdbc-5.3.10.jar;D:\MavenWarehouse\org\springframework\spring-tx\5.3.10\spring-tx-5.3.10.jar;D:\MavenWarehouse\mysql\mysql-connector-java\8.0.26\mysql-connector-java-8.0.26.jar;D:\MavenWarehouse\org\projectlombok\lombok\1.18.20\lombok-1.18.20.jar;D:\MavenWarehouse\org\freemarker\freemarker\2.3.31\freemarker-2.3.31.jar;D:\MavenWarehouse\io\springfox\springfox-boot-starter\3.0.0\springfox-boot-starter-3.0.0.jar;D:\MavenWarehouse\io\springfox\springfox-oas\3.0.0\springfox-oas-3.0.0.jar;D:\MavenWarehouse\io\swagger\core\v3\swagger-annotations\2.1.2\swagger-annotations-2.1.2.jar;D:\MavenWarehouse\io\swagger\core\v3\swagger-models\2.1.2\swagger-models-2.1.2.jar;D:\MavenWarehouse\io\springfox\springfox-spi\3.0.0\springfox-spi-3.0.0.jar;D:\MavenWarehouse\io\springfox\springfox-schema\3.0.0\springfox-schema-3.0.0.jar;D:\MavenWarehouse\io\springfox\springfox-core\3.0.0\springfox-core-3.0.0.jar;D:\MavenWarehouse\io\springfox\springfox-spring-web\3.0.0\springfox-spring-web-3.0.0.jar;D:\MavenWarehouse\io\github\classgraph\classgraph\4.8.83\classgraph-4.8.83.jar;D:\MavenWarehouse\io\springfox\springfox-spring-webmvc\3.0.0\springfox-spring-webmvc-3.0.0.jar;D:\MavenWarehouse\io\springfox\springfox-spring-webflux\3.0.0\springfox-spring-webflux-3.0.0.jar;D:\MavenWarehouse\io\springfox\springfox-swagger-common\3.0.0\springfox-swagger-common-3.0.0.jar;D:\MavenWarehouse\org\mapstruct\mapstruct\1.3.1.Final\mapstruct-1.3.1.Final.jar;D:\MavenWarehouse\io\springfox\springfox-data-rest\3.0.0\springfox-data-rest-3.0.0.jar;D:\MavenWarehouse\io\springfox\springfox-bean-validators\3.0.0\springfox-bean-validators-3.0.0.jar;D:\MavenWarehouse\io\springfox\springfox-swagger2\3.0.0\springfox-swagger2-3.0.0.jar;D:\MavenWarehouse\io\swagger\swagger-annotations\1.5.20\swagger-annotations-1.5.20.jar;D:\MavenWarehouse\io\swagger\swagger-models\1.5.20\swagger-models-1.5.20.jar;D:\MavenWarehouse\io\springfox\springfox-swagger-ui\3.0.0\springfox-swagger-ui-3.0.0.jar;D:\MavenWarehouse\com\fasterxml\classmate\1.5.1\classmate-1.5.1.jar;D:\MavenWarehouse\org\slf4j\slf4j-api\1.7.32\slf4j-api-1.7.32.jar;D:\MavenWarehouse\org\springframework\plugin\spring-plugin-core\2.0.0.RELEASE\spring-plugin-core-2.0.0.RELEASE.jar;D:\MavenWarehouse\org\springframework\plugin\spring-plugin-metadata\2.0.0.RELEASE\spring-plugin-metadata-2.0.0.RELEASE.jar;D:\MavenWarehouse\cn\hutool\hutool-all\5.7.16\hutool-all-5.7.16.jar;D:\MavenWarehouse\org\apache\commons\commons-lang3\3.12.0\commons-lang3-3.12.0.jar;D:\MavenWarehouse\org\springframework\boot\spring-boot-starter-test\2.5.5\spring-boot-starter-test-2.5.5.jar;D:\MavenWarehouse\org\springframework\boot\spring-boot-test\2.5.5\spring-boot-test-2.5.5.jar;D:\MavenWarehouse\org\springframework\boot\spring-boot-test-autoconfigure\2.5.5\spring-boot-test-autoconfigure-2.5.5.jar;D:\MavenWarehouse\com\jayway\jsonpath\json-path\2.5.0\json-path-2.5.0.jar;D:\MavenWarehouse\net\minidev\json-smart\2.4.7\json-smart-2.4.7.jar;D:\MavenWarehouse\net\minidev\accessors-smart\2.4.7\accessors-smart-2.4.7.jar;D:\MavenWarehouse\org\ow2\asm\asm\9.1\asm-9.1.jar;D:\MavenWarehouse\jakarta\xml\bind\jakarta.xml.bind-api\2.3.3\jakarta.xml.bind-api-2.3.3.jar;D:\MavenWarehouse\jakarta\activation\jakarta.activation-api\1.2.2\jakarta.activation-api-1.2.2.jar;D:\MavenWarehouse\org\assertj\assertj-core\3.19.0\assertj-core-3.19.0.jar;D:\MavenWarehouse\org\hamcrest\hamcrest\2.2\hamcrest-2.2.jar;D:\MavenWarehouse\org\junit\jupiter\junit-jupiter\5.7.2\junit-jupiter-5.7.2.jar;D:\MavenWarehouse\org\junit\jupiter\junit-jupiter-api\5.7.2\junit-jupiter-api-5.7.2.jar;D:\MavenWarehouse\org\apiguardian\apiguardian-api\1.1.0\apiguardian-api-1.1.0.jar;D:\MavenWarehouse\org\opentest4j\opentest4j\1.2.0\opentest4j-1.2.0.jar;D:\MavenWarehouse\org\junit\platform\junit-platform-commons\1.7.2\junit-platform-commons-1.7.2.jar;D:\MavenWarehouse\org\junit\jupiter\junit-jupiter-params\5.7.2\junit-jupiter-params-5.7.2.jar;D:\MavenWarehouse\org\junit\jupiter\junit-jupiter-engine\5.7.2\junit-jupiter-engine-5.7.2.jar;D:\MavenWarehouse\org\junit\platform\junit-platform-engine\1.7.2\junit-platform-engine-1.7.2.jar;D:\MavenWarehouse\org\mockito\mockito-core\3.9.0\mockito-core-3.9.0.jar;D:\MavenWarehouse\net\bytebuddy\byte-buddy\1.10.22\byte-buddy-1.10.22.jar;D:\MavenWarehouse\net\bytebuddy\byte-buddy-agent\1.10.22\byte-buddy-agent-1.10.22.jar;D:\MavenWarehouse\org\objenesis\objenesis\3.2\objenesis-3.2.jar;D:\MavenWarehouse\org\mockito\mockito-junit-jupiter\3.9.0\mockito-junit-jupiter-3.9.0.jar;D:\MavenWarehouse\org\skyscreamer\jsonassert\1.5.0\jsonassert-1.5.0.jar;D:\MavenWarehouse\com\vaadin\external\google\android-json\0.0.20131108.vaadin1\android-json-0.0.20131108.vaadin1.jar;D:\MavenWarehouse\org\springframework\spring-core\5.3.10\spring-core-5.3.10.jar;D:\MavenWarehouse\org\springframework\spring-jcl\5.3.10\spring-jcl-5.3.10.jar;D:\MavenWarehouse\org\springframework\spring-test\5.3.10\spring-test-5.3.10.jar;D:\MavenWarehouse\org\xmlunit\xmlunit-core\2.8.2\xmlunit-core-2.8.2.jar;"/>
    <property name="java.vm.vendor" value="Oracle Corporation"/>
    <property name="sun.arch.data.model" value="64"/>
    <property name="user.variant" value=""/>
    <property name="java.vendor.url" value="http://java.oracle.com/"/>
    <property name="user.timezone" value="Asia/Shanghai"/>
    <property name="java.vm.specification.version" value="1.8"/>
    <property name="os.name" value="Windows 10"/>
    <property name="user.country" value="HK"/>
    <property name="sun.java.launcher" value="SUN_STANDARD"/>
    <property name="sun.boot.library.path" value="G:\Software\Java\jdk1.8.0_192\jre\bin"/>
    <property name="sun.java.command" value="C:\Users\Joshua\AppData\Local\Temp\surefire2232145938356807806\surefirebooter2375661436777699120.jar C:\Users\Joshua\AppData\Local\Temp\surefire2232145938356807806 2021-12-10T22-40-35_304-jvmRun1 surefire814612533592736157tmp surefire_0777817905025099793tmp"/>
    <property name="surefire.test.class.path" value="F:\Projects\JavaProject\generator\target\test-classes;F:\Projects\JavaProject\generator\target\classes;D:\MavenWarehouse\org\springframework\boot\spring-boot-starter-web\2.5.5\spring-boot-starter-web-2.5.5.jar;D:\MavenWarehouse\org\springframework\boot\spring-boot-starter\2.5.5\spring-boot-starter-2.5.5.jar;D:\MavenWarehouse\org\springframework\boot\spring-boot\2.5.5\spring-boot-2.5.5.jar;D:\MavenWarehouse\org\springframework\boot\spring-boot-starter-logging\2.5.5\spring-boot-starter-logging-2.5.5.jar;D:\MavenWarehouse\ch\qos\logback\logback-classic\1.2.6\logback-classic-1.2.6.jar;D:\MavenWarehouse\ch\qos\logback\logback-core\1.2.6\logback-core-1.2.6.jar;D:\MavenWarehouse\org\apache\logging\log4j\log4j-to-slf4j\2.14.1\log4j-to-slf4j-2.14.1.jar;D:\MavenWarehouse\org\apache\logging\log4j\log4j-api\2.14.1\log4j-api-2.14.1.jar;D:\MavenWarehouse\org\slf4j\jul-to-slf4j\1.7.32\jul-to-slf4j-1.7.32.jar;D:\MavenWarehouse\jakarta\annotation\jakarta.annotation-api\1.3.5\jakarta.annotation-api-1.3.5.jar;D:\MavenWarehouse\org\yaml\snakeyaml\1.28\snakeyaml-1.28.jar;D:\MavenWarehouse\org\springframework\boot\spring-boot-starter-json\2.5.5\spring-boot-starter-json-2.5.5.jar;D:\MavenWarehouse\com\fasterxml\jackson\core\jackson-databind\2.12.5\jackson-databind-2.12.5.jar;D:\MavenWarehouse\com\fasterxml\jackson\core\jackson-annotations\2.12.5\jackson-annotations-2.12.5.jar;D:\MavenWarehouse\com\fasterxml\jackson\core\jackson-core\2.12.5\jackson-core-2.12.5.jar;D:\MavenWarehouse\com\fasterxml\jackson\datatype\jackson-datatype-jdk8\2.12.5\jackson-datatype-jdk8-2.12.5.jar;D:\MavenWarehouse\com\fasterxml\jackson\datatype\jackson-datatype-jsr310\2.12.5\jackson-datatype-jsr310-2.12.5.jar;D:\MavenWarehouse\com\fasterxml\jackson\module\jackson-module-parameter-names\2.12.5\jackson-module-parameter-names-2.12.5.jar;D:\MavenWarehouse\org\springframework\boot\spring-boot-starter-tomcat\2.5.5\spring-boot-starter-tomcat-2.5.5.jar;D:\MavenWarehouse\org\apache\tomcat\embed\tomcat-embed-core\9.0.53\tomcat-embed-core-9.0.53.jar;D:\MavenWarehouse\org\apache\tomcat\embed\tomcat-embed-el\9.0.53\tomcat-embed-el-9.0.53.jar;D:\MavenWarehouse\org\apache\tomcat\embed\tomcat-embed-websocket\9.0.53\tomcat-embed-websocket-9.0.53.jar;D:\MavenWarehouse\org\springframework\spring-web\5.3.10\spring-web-5.3.10.jar;D:\MavenWarehouse\org\springframework\spring-beans\5.3.10\spring-beans-5.3.10.jar;D:\MavenWarehouse\org\springframework\spring-webmvc\5.3.10\spring-webmvc-5.3.10.jar;D:\MavenWarehouse\org\springframework\spring-aop\5.3.10\spring-aop-5.3.10.jar;D:\MavenWarehouse\org\springframework\spring-context\5.3.10\spring-context-5.3.10.jar;D:\MavenWarehouse\org\springframework\spring-expression\5.3.10\spring-expression-5.3.10.jar;D:\MavenWarehouse\com\baomidou\mybatis-plus-boot-starter\3.4.3.4\mybatis-plus-boot-starter-3.4.3.4.jar;D:\MavenWarehouse\com\baomidou\mybatis-plus\3.4.3.4\mybatis-plus-3.4.3.4.jar;D:\MavenWarehouse\com\baomidou\mybatis-plus-extension\3.4.3.4\mybatis-plus-extension-3.4.3.4.jar;D:\MavenWarehouse\com\baomidou\mybatis-plus-core\3.4.3.4\mybatis-plus-core-3.4.3.4.jar;D:\MavenWarehouse\com\baomidou\mybatis-plus-annotation\3.4.3.4\mybatis-plus-annotation-3.4.3.4.jar;D:\MavenWarehouse\com\github\jsqlparser\jsqlparser\4.2\jsqlparser-4.2.jar;D:\MavenWarehouse\org\mybatis\mybatis\3.5.7\mybatis-3.5.7.jar;D:\MavenWarehouse\org\mybatis\mybatis-spring\2.0.6\mybatis-spring-2.0.6.jar;D:\MavenWarehouse\org\springframework\boot\spring-boot-autoconfigure\2.5.5\spring-boot-autoconfigure-2.5.5.jar;D:\MavenWarehouse\org\springframework\boot\spring-boot-starter-jdbc\2.5.5\spring-boot-starter-jdbc-2.5.5.jar;D:\MavenWarehouse\com\zaxxer\HikariCP\4.0.3\HikariCP-4.0.3.jar;D:\MavenWarehouse\org\springframework\spring-jdbc\5.3.10\spring-jdbc-5.3.10.jar;D:\MavenWarehouse\org\springframework\spring-tx\5.3.10\spring-tx-5.3.10.jar;D:\MavenWarehouse\mysql\mysql-connector-java\8.0.26\mysql-connector-java-8.0.26.jar;D:\MavenWarehouse\org\projectlombok\lombok\1.18.20\lombok-1.18.20.jar;D:\MavenWarehouse\org\freemarker\freemarker\2.3.31\freemarker-2.3.31.jar;D:\MavenWarehouse\io\springfox\springfox-boot-starter\3.0.0\springfox-boot-starter-3.0.0.jar;D:\MavenWarehouse\io\springfox\springfox-oas\3.0.0\springfox-oas-3.0.0.jar;D:\MavenWarehouse\io\swagger\core\v3\swagger-annotations\2.1.2\swagger-annotations-2.1.2.jar;D:\MavenWarehouse\io\swagger\core\v3\swagger-models\2.1.2\swagger-models-2.1.2.jar;D:\MavenWarehouse\io\springfox\springfox-spi\3.0.0\springfox-spi-3.0.0.jar;D:\MavenWarehouse\io\springfox\springfox-schema\3.0.0\springfox-schema-3.0.0.jar;D:\MavenWarehouse\io\springfox\springfox-core\3.0.0\springfox-core-3.0.0.jar;D:\MavenWarehouse\io\springfox\springfox-spring-web\3.0.0\springfox-spring-web-3.0.0.jar;D:\MavenWarehouse\io\github\classgraph\classgraph\4.8.83\classgraph-4.8.83.jar;D:\MavenWarehouse\io\springfox\springfox-spring-webmvc\3.0.0\springfox-spring-webmvc-3.0.0.jar;D:\MavenWarehouse\io\springfox\springfox-spring-webflux\3.0.0\springfox-spring-webflux-3.0.0.jar;D:\MavenWarehouse\io\springfox\springfox-swagger-common\3.0.0\springfox-swagger-common-3.0.0.jar;D:\MavenWarehouse\org\mapstruct\mapstruct\1.3.1.Final\mapstruct-1.3.1.Final.jar;D:\MavenWarehouse\io\springfox\springfox-data-rest\3.0.0\springfox-data-rest-3.0.0.jar;D:\MavenWarehouse\io\springfox\springfox-bean-validators\3.0.0\springfox-bean-validators-3.0.0.jar;D:\MavenWarehouse\io\springfox\springfox-swagger2\3.0.0\springfox-swagger2-3.0.0.jar;D:\MavenWarehouse\io\swagger\swagger-annotations\1.5.20\swagger-annotations-1.5.20.jar;D:\MavenWarehouse\io\swagger\swagger-models\1.5.20\swagger-models-1.5.20.jar;D:\MavenWarehouse\io\springfox\springfox-swagger-ui\3.0.0\springfox-swagger-ui-3.0.0.jar;D:\MavenWarehouse\com\fasterxml\classmate\1.5.1\classmate-1.5.1.jar;D:\MavenWarehouse\org\slf4j\slf4j-api\1.7.32\slf4j-api-1.7.32.jar;D:\MavenWarehouse\org\springframework\plugin\spring-plugin-core\2.0.0.RELEASE\spring-plugin-core-2.0.0.RELEASE.jar;D:\MavenWarehouse\org\springframework\plugin\spring-plugin-metadata\2.0.0.RELEASE\spring-plugin-metadata-2.0.0.RELEASE.jar;D:\MavenWarehouse\cn\hutool\hutool-all\5.7.16\hutool-all-5.7.16.jar;D:\MavenWarehouse\org\apache\commons\commons-lang3\3.12.0\commons-lang3-3.12.0.jar;D:\MavenWarehouse\org\springframework\boot\spring-boot-starter-test\2.5.5\spring-boot-starter-test-2.5.5.jar;D:\MavenWarehouse\org\springframework\boot\spring-boot-test\2.5.5\spring-boot-test-2.5.5.jar;D:\MavenWarehouse\org\springframework\boot\spring-boot-test-autoconfigure\2.5.5\spring-boot-test-autoconfigure-2.5.5.jar;D:\MavenWarehouse\com\jayway\jsonpath\json-path\2.5.0\json-path-2.5.0.jar;D:\MavenWarehouse\net\minidev\json-smart\2.4.7\json-smart-2.4.7.jar;D:\MavenWarehouse\net\minidev\accessors-smart\2.4.7\accessors-smart-2.4.7.jar;D:\MavenWarehouse\org\ow2\asm\asm\9.1\asm-9.1.jar;D:\MavenWarehouse\jakarta\xml\bind\jakarta.xml.bind-api\2.3.3\jakarta.xml.bind-api-2.3.3.jar;D:\MavenWarehouse\jakarta\activation\jakarta.activation-api\1.2.2\jakarta.activation-api-1.2.2.jar;D:\MavenWarehouse\org\assertj\assertj-core\3.19.0\assertj-core-3.19.0.jar;D:\MavenWarehouse\org\hamcrest\hamcrest\2.2\hamcrest-2.2.jar;D:\MavenWarehouse\org\junit\jupiter\junit-jupiter\5.7.2\junit-jupiter-5.7.2.jar;D:\MavenWarehouse\org\junit\jupiter\junit-jupiter-api\5.7.2\junit-jupiter-api-5.7.2.jar;D:\MavenWarehouse\org\apiguardian\apiguardian-api\1.1.0\apiguardian-api-1.1.0.jar;D:\MavenWarehouse\org\opentest4j\opentest4j\1.2.0\opentest4j-1.2.0.jar;D:\MavenWarehouse\org\junit\platform\junit-platform-commons\1.7.2\junit-platform-commons-1.7.2.jar;D:\MavenWarehouse\org\junit\jupiter\junit-jupiter-params\5.7.2\junit-jupiter-params-5.7.2.jar;D:\MavenWarehouse\org\junit\jupiter\junit-jupiter-engine\5.7.2\junit-jupiter-engine-5.7.2.jar;D:\MavenWarehouse\org\junit\platform\junit-platform-engine\1.7.2\junit-platform-engine-1.7.2.jar;D:\MavenWarehouse\org\mockito\mockito-core\3.9.0\mockito-core-3.9.0.jar;D:\MavenWarehouse\net\bytebuddy\byte-buddy\1.10.22\byte-buddy-1.10.22.jar;D:\MavenWarehouse\net\bytebuddy\byte-buddy-agent\1.10.22\byte-buddy-agent-1.10.22.jar;D:\MavenWarehouse\org\objenesis\objenesis\3.2\objenesis-3.2.jar;D:\MavenWarehouse\org\mockito\mockito-junit-jupiter\3.9.0\mockito-junit-jupiter-3.9.0.jar;D:\MavenWarehouse\org\skyscreamer\jsonassert\1.5.0\jsonassert-1.5.0.jar;D:\MavenWarehouse\com\vaadin\external\google\android-json\0.0.20131108.vaadin1\android-json-0.0.20131108.vaadin1.jar;D:\MavenWarehouse\org\springframework\spring-core\5.3.10\spring-core-5.3.10.jar;D:\MavenWarehouse\org\springframework\spring-jcl\5.3.10\spring-jcl-5.3.10.jar;D:\MavenWarehouse\org\springframework\spring-test\5.3.10\spring-test-5.3.10.jar;D:\MavenWarehouse\org\xmlunit\xmlunit-core\2.8.2\xmlunit-core-2.8.2.jar;"/>
    <property name="sun.cpu.endian" value="little"/>
    <property name="user.home" value="C:\Users\Joshua"/>
    <property name="user.language" value="zh"/>
    <property name="java.specification.vendor" value="Oracle Corporation"/>
    <property name="java.home" value="G:\Software\Java\jdk1.8.0_192\jre"/>
    <property name="basedir" value="F:\Projects\JavaProject\generator"/>
    <property name="file.separator" value="\"/>
    <property name="line.separator" value="&#10;"/>
    <property name="java.vm.specification.vendor" value="Oracle Corporation"/>
    <property name="java.specification.name" value="Java Platform API Specification"/>
    <property name="java.awt.graphicsenv" value="sun.awt.Win32GraphicsEnvironment"/>
    <property name="surefire.real.class.path" value="C:\Users\Joshua\AppData\Local\Temp\surefire2232145938356807806\surefirebooter2375661436777699120.jar"/>
    <property name="sun.boot.class.path" value="G:\Software\Java\jdk1.8.0_192\jre\lib\resources.jar;G:\Software\Java\jdk1.8.0_192\jre\lib\rt.jar;G:\Software\Java\jdk1.8.0_192\jre\lib\sunrsasign.jar;G:\Software\Java\jdk1.8.0_192\jre\lib\jsse.jar;G:\Software\Java\jdk1.8.0_192\jre\lib\jce.jar;G:\Software\Java\jdk1.8.0_192\jre\lib\charsets.jar;G:\Software\Java\jdk1.8.0_192\jre\lib\jfr.jar;G:\Software\Java\jdk1.8.0_192\jre\classes"/>
    <property name="user.script" value=""/>
    <property name="sun.management.compiler" value="HotSpot 64-Bit Tiered Compilers"/>
    <property name="java.runtime.version" value="1.8.0_192-b12"/>
    <property name="user.name" value="Joshua"/>
    <property name="path.separator" value=";"/>
    <property name="os.version" value="10.0"/>
    <property name="java.endorsed.dirs" value="G:\Software\Java\jdk1.8.0_192\jre\lib\endorsed"/>
    <property name="java.runtime.name" value="Java(TM) SE Runtime Environment"/>
    <property name="file.encoding" value="GBK"/>
    <property name="java.vm.name" value="Java HotSpot(TM) 64-Bit Server VM"/>
    <property name="localRepository" value="D:\MavenWarehouse"/>
    <property name="java.vendor.url.bug" value="http://bugreport.sun.com/bugreport/"/>
    <property name="java.io.tmpdir" value="C:\Users\Joshua\AppData\Local\Temp\"/>
    <property name="idea.version" value="2021.2.1"/>
    <property name="java.version" value="1.8.0_192"/>
    <property name="user.dir" value="F:\Projects\JavaProject\generator"/>
    <property name="os.arch" value="amd64"/>
    <property name="java.vm.specification.name" value="Java Virtual Machine Specification"/>
    <property name="java.awt.printerjob" value="sun.awt.windows.WPrinterJob"/>
    <property name="sun.os.patch.level" value=""/>
    <property name="java.library.path" value="G:\Software\Java\jdk1.8.0_192\jre\bin;C:\Windows\Sun\Java\bin;C:\Windows\system32;C:\Windows;C:\Windows\system32;C:\Windows;C:\Windows\System32\Wbem;C:\Windows\System32\WindowsPowerShell\v1.0\;C:\Windows\System32\OpenSSH\;G:\Software\Git\cmd;G:\Software\nodejs\;G:\Software\Java\jdk1.8.0_192\jre\bin;G:\Software\Java\maven-3.6.3\bin;G:\Software\MySQL\bin;;C:\Program Files (x86)\NVIDIA Corporation\PhysX\Common;C:\Program Files\NVIDIA Corporation\NVIDIA NvDLISR;G:\Software\WinSCP\PuTTY\;C:\Users\Joshua\AppData\Local\Microsoft\WindowsApps;G:\Software\Bandizip\;C:\Users\Joshua\AppData\Roaming\npm;."/>
    <property name="java.vm.info" value="mixed mode"/>
    <property name="java.vendor" value="Oracle Corporation"/>
    <property name="java.vm.version" value="25.192-b12"/>
    <property name="java.ext.dirs" value="G:\Software\Java\jdk1.8.0_192\jre\lib\ext;C:\Windows\Sun\Java\lib\ext"/>
    <property name="sun.io.unicode.encoding" value="UnicodeLittle"/>
    <property name="java.class.version" value="52.0"/>
  </properties>
  <testcase name="contextLoads" classname="com.moonlit.generator.GeneratorApplicationTests" time="0.266"/>
</testsuite>